[03:27:23] [main/INFO] (FabricLoader) Loading for game Minecraft 1.17
[03:27:24] [main/INFO] (Fabric|Loader) [FabricLoader] Loading 48 mods: fabric-screen-handler-api-v1@1.1.8+a02b4463d5, minecraft@1.17, fabric-networking-blockentity-v0@0.2.11+a02b4463d5, fabric-renderer-api-v1@0.4.2+a02b4463d5, fabric-keybindings-v0@0.2.2+36b77c3ed5, fabric-command-api-v1@1.1.1+a02b4463d5, fabricloader@0.11.3, fabric-screen-api-v1@1.0.3+b7ab6121d5, fabric-tool-attribute-api-v1@1.2.12+b7ab6121d5, fabric-renderer-indigo@0.4.8+a02b4463d5, fabric-structure-api-v1@1.1.10+be9da310d5, fabric-containers-v0@0.1.12+a02b4463d5, fabric-object-builder-api-v1@1.10.9+b7ab6121d5, fabric-dimensions-v1@2.0.10+a02b4463d5, java@16, fabric-events-interaction-v0@0.4.8+a02b4463d5, fabric-item-api-v1@1.2.4+a02b4463d5, fabric-crash-report-info-v1@0.1.5+be9da310d5, fabric-game-rule-api-v1@1.0.6+a02b4463d5, fabric-entity-events-v1@1.1.0+a02b4463d5, fabric-api-base@0.3.0+a02b4463d5, fabric-rendering-v0@1.1.2+92519afad5, fabric-rendering-v1@1.6.0+a02b4463d5, fabric-key-binding-api-v1@1.0.4+a02b4463d5, fabric-rendering-data-attachment-v1@0.1.5+a02b4463d5, fabric-resource-loader-v0@0.4.7+b7ab6121d5, fabric-textures-v0@1.0.6+a02b4463d5, fabric-content-registries-v0@0.2.2+a02b4463d5, fabric-tag-extensions-v0@1.1.4+a02b4463d5, fabric-biome-api-v1@3.1.11+9e521e13d5, fabric-rendering-fluids-v1@0.1.13+a02b4463d5, fabric-registry-sync-v0@0.7.9+a02b4463d5, fabric-commands-v0@0.2.2+92519afad5, fabric-blockrenderlayer-v1@1.1.5+a02b4463d5, fabric-lifecycle-events-v1@1.4.4+a02b4463d5, fabric-mining-levels-v0@0.1.3+92519afad5, fly@1.0.0, fabric-renderer-registries-v1@3.2.0+a02b4463d5, fabric-networking-api-v1@1.0.11+b7ab6121d5, fabric-events-lifecycle-v0@0.2.1+92519afad5, fabric-loot-tables-v1@1.0.4+a02b4463d5, fabric@0.34.9+1.17, fabric-item-groups-v0@0.2.10+b7ab6121d5, fabric-models-v0@0.3.0+a02b4463d5, fabric-particles-v1@0.2.4+a02b4463d5, fabric-object-builders-v0@0.7.3+a02b4463d5, fabric-networking-v0@0.3.2+92519afad5, fabric-api-lookup-api-v1@1.0.2+a02b4463d5
[03:27:26] [main/INFO] (mixin) SpongePowered MIXIN Subsystem Version=0.8.2 Source=file:/home/brentgamez/.gradle/caches/modules-2/files-2.1/net.fabricmc/sponge-mixin/0.9.2+mixin.0.8.2/12c437eebf031967eaa7daad861e115932772cc7/sponge-mixin-0.9.2+mixin.0.8.2.jar Service=Knot/Fabric Env=CLIENT
[03:27:26] [main/INFO] (Fabric|MixinBootstrap) Loaded Fabric development mappings for mixin remapper!
[03:27:27] [main/WARN] (mixin) The requested compatibility level JAVA_16 is higher than the level supported by the active subsystem 'Knot/Fabric' which supports JAVA_14. This is not a supported configuration and instability may occur.
[03:27:27] [main/INFO] (mixin) Compatibility level set to JAVA_16
[03:27:27] [main/INFO] (mixin) Remapping refMap fabric-networking-blockentity-v0-refmap.json using remapper chain
[03:27:27] [main/INFO] (mixin) Remapping refMap fabric-screen-handler-api-v1-refmap.json using remapper chain
[03:27:27] [main/INFO] (mixin) Remapping refMap fabric-lifecycle-events-v1-refmap.json using remapper chain
[03:27:27] [main/INFO] (mixin) Remapping refMap fabric-containers-v0-refmap.json using remapper chain
[03:27:27] [main/INFO] (mixin) Remapping refMap fabric-renderer-indigo-refmap.json using remapper chain
[03:27:27] [main/INFO] (mixin) Remapping refMap fabric-rendering-data-attachment-v1-refmap.json using remapper chain
[03:27:27] [main/INFO] (mixin) Remapping refMap fabric-structure-api-v1-refmap.json using remapper chain
[03:27:27] [main/INFO] (mixin) Remapping refMap fabric-events-interaction-v0-refmap.json using remapper chain
[03:27:27] [main/INFO] (mixin) Remapping refMap fabric-item-api-v1-refmap.json using remapper chain
[03:27:27] [main/INFO] (mixin) Remapping refMap fabric-loot-tables-v1-refmap.json using remapper chain
[03:27:27] [main/INFO] (mixin) Remapping refMap fabric-object-builder-api-v1-refmap.json using remapper chain
[03:27:27] [main/INFO] (mixin) Remapping refMap fabric-screen-api-v1-refmap.json using remapper chain
[03:27:27] [main/INFO] (mixin) Remapping refMap fabric-dimensions-v1-refmap.json using remapper chain
[03:27:27] [main/INFO] (mixin) Remapping refMap fabric-renderer-registries-v1-refmap.json using remapper chain
[03:27:27] [main/INFO] (mixin) Remapping refMap fabric-textures-v0-refmap.json using remapper chain
[03:27:27] [main/INFO] (mixin) Remapping refMap fabric-registry-sync-v0-refmap.json using remapper chain
[03:27:27] [main/INFO] (mixin) Remapping refMap fabric-models-v0-refmap.json using remapper chain
[03:27:27] [main/INFO] (mixin) Remapping refMap fabric-blockrenderlayer-v1-refmap.json using remapper chain
[03:27:27] [main/INFO] (mixin) Remapping refMap fabric-renderer-api-v1-refmap.json using remapper chain
[03:27:27] [main/INFO] (mixin) Remapping refMap fabric-containers-v0-refmap.json using remapper chain
[03:27:27] [main/INFO] (mixin) Remapping refMap fabric-rendering-fluids-v1-refmap.json using remapper chain
[03:27:27] [main/INFO] (mixin) Remapping refMap fabric-biome-api-v1-refmap.json using remapper chain
[03:27:27] [main/INFO] (mixin) Remapping refMap fabric-resource-loader-v0-refmap.json using remapper chain
[03:27:27] [main/INFO] (mixin) Remapping refMap fabric-game-rule-api-v1-refmap.json using remapper chain
[03:27:27] [main/INFO] (mixin) Remapping refMap fabric-networking-api-v1-refmap.json using remapper chain
[03:27:27] [main/INFO] (mixin) Remapping refMap fabric-particles-v1-refmap.json using remapper chain
[03:27:27] [main/INFO] (mixin) Remapping refMap fabric-object-builders-refmap.json using remapper chain
[03:27:27] [main/INFO] (mixin) Remapping refMap fabric-tag-extensions-v0-refmap.json using remapper chain
[03:27:27] [main/INFO] (mixin) Remapping refMap fabric-tool-attribute-api-v1-refmap.json using remapper chain
[03:27:27] [main/INFO] (mixin) Remapping refMap fabric-rendering-v1-refmap.json using remapper chain
[03:27:27] [main/INFO] (mixin) Remapping refMap fabric-item-groups-v0-refmap.json using remapper chain
[03:27:27] [main/INFO] (mixin) Remapping refMap fabric-content-registries-v0-refmap.json using remapper chain
[03:27:27] [main/INFO] (mixin) Remapping refMap fabric-command-api-v1-refmap.json using remapper chain
[03:27:27] [main/INFO] (mixin) Remapping refMap fabric-crash-report-info-v1-refmap.json using remapper chain
[03:27:27] [main/INFO] (mixin) Remapping refMap fabric-api-lookup-api-v1-refmap.json using remapper chain
[03:27:27] [main/INFO] (mixin) Remapping refMap fabric-entity-events-v1-refmap.json using remapper chain
[03:27:27] [main/INFO] (mixin) Remapping refMap fabric-key-binding-api-v1-refmap.json using remapper chain
[03:27:27] [main/INFO] (mixin) Remapping refMap fabric-renderer-api-v1-refmap.json using remapper chain
[03:27:28] [main/WARN] (mixin) @Mixin target net/minecraft/server/world/ServerWorld$ServerEntityHandler is public in fabric-lifecycle-events-v1.mixins.json:ServerWorldEntityLoaderMixin and should be specified in value
[03:27:28] [main/WARN] (mixin) @Mixin target net/minecraft/client/world/ClientWorld$ClientEntityHandler is public in fabric-lifecycle-events-v1.mixins.json:client.ClientWorldEntityLoaderMixin and should be specified in value
[03:27:28] [main/WARN] (mixin) @Mixin target net/minecraft/client/render/block/BlockModelRenderer$AmbientOcclusionCalculator is public in fabric-renderer-indigo.mixins.json:MixinAmbientOcclusionCalculator and should be specified in value
[03:27:28] [main/WARN] (mixin) @Mixin target net/minecraft/client/render/chunk/ChunkBuilder$BuiltChunk$RebuildTask is public in fabric-renderer-indigo.mixins.json:MixinChunkRebuildTask and should be specified in value
[03:27:28] [main/WARN] (mixin) @Mixin target net/minecraft/server/network/ServerPlayNetworkHandler$1 is public in fabric-events-interaction-v0.mixins.json:MixinServerPlayNetworkHandler and should be specified in value
[03:27:29] [main/WARN] (mixin) @Mixin target net/minecraft/village/TradeOffers$TypeAwareBuyForOneEmeraldFactory is public in fabric-object-builder-v1.mixins.json:TypeAwareTradeMixin and should be specified in value
[03:27:29] [main/WARN] (mixin) @Mixin target net/minecraft/client/font/FontManager$1 is public in fabric-resource-loader-v0.mixins.json:client.FontManagerResourceReloadListenerMixin and should be specified in value
[03:27:30] [main/WARN] (mixin) @Mixin target net/minecraft/server/command/GameRuleCommand$1 is public in fabric-game-rule-api-v1.mixins.json:GameRuleCommandVisitorMixin and should be specified in value
[03:27:30] [main/WARN] (mixin) @Mixin target net/minecraft/client/gui/screen/world/EditGameRulesScreen$RuleListWidget$1 is public in fabric-game-rule-api-v1.mixins.json:client.RuleListWidgetVisitorMixin and should be specified in value
[03:27:30] [main/WARN] (mixin) @Mixin target net/minecraft/server/world/ThreadedAnvilChunkStorage$EntityTracker is public in fabric-networking-api-v1.mixins.json:accessor.EntityTrackerAccessor and should be specified in value
[03:27:30] [main/WARN] (mixin) @Mixin target net/minecraft/client/particle/ParticleManager$SimpleSpriteProvider is public in fabric-particles-v1.mixins.json:ParticleManagerAccessor$SimpleSpriteProviderAccessor and should be specified in value
[03:27:30] [main/WARN] (mixin) @Mixin target net/minecraft/data/server/AbstractTagProvider$ObjectBuilder is public in fabric-tag-extensions-v0.mixins.json:MixinObjectBuilder and should be specified in value
[03:27:30] [main/WARN] (mixin) @Mixin target net/minecraft/tag/RequiredTagList$TagWrapper is public in fabric-tag-extensions-v0.mixins.json:MixinTagImpl and should be specified in value
[03:27:32] [main/WARN] (FileUtil) Configuration conflict: there is more than one oshi.properties file on the classpath
[03:27:33] [main/WARN] (FileUtil) Configuration conflict: there is more than one oshi.architecture.properties file on the classpath
[03:27:55] [Render thread/INFO] (Minecraft) Environment: authHost='https://authserver.mojang.com', accountsHost='https://api.mojang.com', sessionHost='https://sessionserver.mojang.com', servicesHost='https://api.minecraftservices.com', name='PROD'
[03:27:58] [Render thread/ERROR] (Minecraft) Failed to verify authentication
com.mojang.authlib.exceptions.InvalidCredentialsException: Status: 401
	at com.mojang.authlib.exceptions.MinecraftClientHttpException.toAuthenticationException(MinecraftClientHttpException.java:56) ~[authlib-2.3.31.jar:?]
	at com.mojang.authlib.yggdrasil.YggdrasilSocialInteractionsService.checkPrivileges(YggdrasilSocialInteractionsService.java:112) ~[authlib-2.3.31.jar:?]
	at com.mojang.authlib.yggdrasil.YggdrasilSocialInteractionsService.<init>(YggdrasilSocialInteractionsService.java:42) ~[authlib-2.3.31.jar:?]
	at com.mojang.authlib.yggdrasil.YggdrasilAuthenticationService.createSocialInteractionsService(YggdrasilAuthenticationService.java:151) ~[authlib-2.3.31.jar:?]
	at net.minecraft.client.MinecraftClient.createSocialInteractionsService(MinecraftClient.java:683) [minecraft-1.17-mapped-net.fabricmc.yarn-1.17+build.1-v2.jar:?]
	at net.minecraft.client.MinecraftClient.<init>(MinecraftClient.java:496) [minecraft-1.17-mapped-net.fabricmc.yarn-1.17+build.1-v2.jar:?]
	at net.minecraft.client.main.Main.main(Main.java:153) [minecraft-1.17-mapped-net.fabricmc.yarn-1.17+build.1-v2.jar:?]
	at jdk.internal.reflect.NativeMethodAccessorImpl.invoke0(Native Method) ~[?:?]
	at jdk.internal.reflect.NativeMethodAccessorImpl.invoke(NativeMethodAccessorImpl.java:78) ~[?:?]
	at jdk.internal.reflect.DelegatingMethodAccessorImpl.invoke(DelegatingMethodAccessorImpl.java:43) ~[?:?]
	at java.lang.reflect.Method.invoke(Method.java:567) ~[?:?]
	at net.fabricmc.loader.game.MinecraftGameProvider.launch(MinecraftGameProvider.java:226) [fabric-loader-0.11.3.jar:?]
	at net.fabricmc.loader.launch.knot.Knot.launch(Knot.java:146) [fabric-loader-0.11.3.jar:?]
	at net.fabricmc.loader.launch.knot.KnotClient.main(KnotClient.java:28) [fabric-loader-0.11.3.jar:?]
	at net.fabricmc.devlaunchinjector.Main.main(Main.java:86) [dev-launch-injector-0.2.1+build.8.jar:?]
Caused by: com.mojang.authlib.exceptions.MinecraftClientHttpException: Status: 401
	at com.mojang.authlib.minecraft.client.MinecraftClient.readInputStream(MinecraftClient.java:77) ~[authlib-2.3.31.jar:?]
	at com.mojang.authlib.minecraft.client.MinecraftClient.get(MinecraftClient.java:47) ~[authlib-2.3.31.jar:?]
	at com.mojang.authlib.yggdrasil.YggdrasilSocialInteractionsService.checkPrivileges(YggdrasilSocialInteractionsService.java:104) ~[authlib-2.3.31.jar:?]
	... 13 more
[03:27:59] [Render thread/INFO] (Minecraft) Setting user: Player125
[03:27:59] [Render thread/WARN] (mixin) @Inject(@At("INVOKE")) Shift.BY=3 on fabric-lifecycle-events-v1.mixins.json:client.WorldChunkMixin::handler$zzn000$onLoadBlockEntity exceeds the maximum allowed value: 0. Increase the value of maxShiftBy to suppress this warning.
[03:28:00] [Render thread/INFO] (Indigo) [Indigo] Registering Indigo renderer!
[03:28:02] [Render thread/INFO] (Minecraft) Backend library: LWJGL version 3.2.2 build 10
[03:28:09] [Render thread/INFO] (Minecraft) Narrator library successfully loaded
[03:28:10] [Render thread/INFO] (Minecraft) Reloading ResourceManager: Default, Fabric Mods (Fabric Screen Handler API (v1), Fabric Networking Block Entity (v0), Fabric Renderer API (v1), Fabric Key Bindings (v0), Fabric Command API (v1), Fabric Loader, Fabric Screen API (v1), Fabric Tool Attribute API (v1), Fabric Renderer - Indigo, Fabric Structure API (v1), Fabric Containers (v0), Fabric Object Builder API (v1), Fabric Dimensions API (v1), Fabric Events Interaction (v0), Fabric Item API (v1), Fabric Crash Report Info (v1), Fabric Game Rule API (v1), Fabric Entity Events (v1), Fabric API Base, Fabric Rendering (v0), Fabric Rendering (v1), Fabric Key Binding API (v1), Fabric Rendering Data Attachment (v1), Fabric Resource Loader (v0), Fabric Textures (v0), Fabric Content Registries (v0), Fabric Tag Extensions (v0), Fabric Biome API (v1), Fabric Rendering Fluids (v1), Fabric Registry Sync (v0), Fabric Commands (v0), Fabric BlockRenderLayer Registration (v1), Fabric Lifecycle Events (v1), Fabric Mining Levels (v0), Fabric Fly 1.17 Mod, Fabric Renderer Registries (v1), Fabric Networking API (v1), Fabric Events Lifecycle (v0), Fabric Loot Tables (v1), Fabric API, Fabric Item Groups (v0), Fabric Models (v0), Fabric Particles (v1), Fabric Object Builders (v0), Fabric Networking (v0), Fabric API Lookup API (v1))
[03:28:10] [Realms Notification Availability checker #1/INFO] (Minecraft) Could not authorize you against Realms server: Invalid session id
[03:28:38] [Render thread/INFO] (Minecraft) OpenAL initialized.
[03:28:38] [Render thread/INFO] (Minecraft) Sound engine started
[03:28:39] [Render thread/INFO] (Minecraft) Created: 1024x1024x4 minecraft:textures/atlas/blocks.png-atlas
[03:28:39] [Render thread/INFO] (Minecraft) Created: 256x128x4 minecraft:textures/atlas/signs.png-atlas
[03:28:39] [Render thread/INFO] (Minecraft) Created: 1024x512x4 minecraft:textures/atlas/banner_patterns.png-atlas
[03:28:39] [Render thread/INFO] (Minecraft) Created: 1024x512x4 minecraft:textures/atlas/shield_patterns.png-atlas
[03:28:39] [Render thread/INFO] (Minecraft) Created: 256x256x4 minecraft:textures/atlas/chest.png-atlas
[03:28:39] [Render thread/INFO] (Minecraft) Created: 512x256x4 minecraft:textures/atlas/beds.png-atlas
[03:28:39] [Render thread/INFO] (Minecraft) Created: 512x256x4 minecraft:textures/atlas/shulker_boxes.png-atlas
[03:28:43] [Render thread/INFO] (Minecraft) Created: 256x256x0 minecraft:textures/atlas/particles.png-atlas
[03:28:43] [Render thread/INFO] (Minecraft) Created: 256x256x0 minecraft:textures/atlas/paintings.png-atlas
[03:28:43] [Render thread/INFO] (Minecraft) Created: 256x128x0 minecraft:textures/atlas/mob_effects.png-atlas
[03:29:36] [Render thread/INFO] (Minecraft) Stopping!
